<?xml version="1.0" encoding="UTF-8"?>
<testng-results skipped="0" failed="0" total="1" passed="1">
  <reporter-output>
  </reporter-output>
  <suite name="Default suite" duration-ms="21820" started-at="2016-12-01T10:06:59Z" finished-at="2016-12-01T10:07:21Z">
    <groups>
    </groups>
    <test name="Default test" duration-ms="21820" started-at="2016-12-01T10:06:59Z" finished-at="2016-12-01T10:07:21Z">
      <class name="requirement.OneTrust">
        <test-method status="PASS" signature="openBrowser()[pri:0, instance:requirement.OneTrust@17da562]" name="openBrowser" is-config="true" duration-ms="4727" started-at="2016-12-01T15:36:59Z" finished-at="2016-12-01T15:37:04Z">
          <reporter-output>
          </reporter-output>
        </test-method> <!-- openBrowser -->
        <test-method status="PASS" signature="FetchCurrentOpenings()[pri:0, instance:requirement.OneTrust@17da562]" name="FetchCurrentOpenings" duration-ms="14667" started-at="2016-12-01T15:37:04Z" finished-at="2016-12-01T15:37:18Z">
          <reporter-output>
          </reporter-output>
        </test-method> <!-- FetchCurrentOpenings -->
        <test-method status="PASS" signature="closeBrowser()[pri:0, instance:requirement.OneTrust@17da562]" name="closeBrowser" is-config="true" duration-ms="2401" started-at="2016-12-01T15:37:18Z" finished-at="2016-12-01T15:37:21Z">
          <reporter-output>
          </reporter-output>
        </test-method> <!-- closeBrowser -->
      </class> <!-- requirement.OneTrust -->
    </test> <!-- Default test -->
  </suite> <!-- Default suite -->
</testng-results>
